2024-12-12 15:18:01,865 - pyswarms.single.global_best - INFO - Optimize for 1000 iters with {'w': 0.9, 'c1': 0.5, 'c2': 0.3}
2024-12-12 15:22:37,030 - pyswarms.single.global_best - INFO - Optimize for 1000 iters with {'w': 0.9, 'c1': 0.5, 'c2': 0.3}
2024-12-12 15:27:08,643 - pyswarms.single.global_best - INFO - Optimize for 1000 iters with {'w': 0.9, 'c1': 0.5, 'c2': 0.3}
2024-12-12 15:28:04,874 - pyswarms.single.global_best - INFO - Optimize for 1000 iters with {'w': 0.9, 'c1': 0.5, 'c2': 0.3}
2024-12-12 15:38:44,945 - pyswarms.single.global_best - INFO - Optimize for 1000 iters with {'w': 0.9, 'c1': 0.5, 'c2': 0.3}
2024-12-12 15:42:44,952 - pyswarms.single.global_best - INFO - Optimize for 1000 iters with {'w': 0.9, 'c1': 0.5, 'c2': 0.3}
2024-12-12 15:43:29,666 - pyswarms.single.global_best - INFO - Optimize for 1000 iters with {'w': 0.9, 'c1': 0.5, 'c2': 0.3}
2024-12-12 15:46:50,067 - pyswarms.single.global_best - INFO - Optimize for 1000 iters with {'w': 0.9, 'c1': 0.5, 'c2': 0.3}
2024-12-12 15:58:50,730 - pyswarms.single.global_best - INFO - Optimize for 1000 iters with {'w': 0.9, 'c1': 0.5, 'c2': 0.3}
2024-12-12 15:59:21,227 - pyswarms.single.global_best - INFO - Optimize for 1000 iters with {'w': 0.9, 'c1': 0.5, 'c2': 0.3}
2024-12-12 16:01:23,281 - pyswarms.single.global_best - INFO - Optimize for 1000 iters with {'w': 0.9, 'c1': 0.5, 'c2': 0.3}
2024-12-12 16:02:15,071 - pyswarms.single.global_best - INFO - Optimize for 1000 iters with {'w': 0.9, 'c1': 0.5, 'c2': 0.3}
2024-12-12 16:02:54,911 - pyswarms.single.global_best - INFO - Optimize for 1000 iters with {'w': 0.9, 'c1': 0.5, 'c2': 0.3}
2024-12-12 16:02:56,087 - pyswarms.single.global_best - INFO - Optimization finished | best cost: 247656.08995608427, best pos: [0.69949918 0.44983635 0.31478867 0.28026545 0.26016228 0.5101047
 0.42241803 0.57051953 0.41709986 0.54671272 0.35779766 0.52904162
 0.78648884 0.50340366 0.25200428 0.29752768 0.46317442 0.5015773
 0.60758298 0.72527768 0.88752123 0.95468535 0.59860483 0.71462338]
2024-12-12 16:03:26,506 - pyswarms.single.global_best - INFO - Optimize for 1000 iters with {'w': 0.9, 'c1': 0.5, 'c2': 0.3}
2024-12-12 16:03:27,655 - pyswarms.single.global_best - INFO - Optimization finished | best cost: 343162.9725819692, best pos: [0.7362419  0.20580591 0.38481525 0.2765189  0.84292433 0.48524458
 0.7964986  0.65441555 0.57007789 0.5913683  0.89350396 0.68795575
 0.77391567 0.30299996 0.53061223 0.3351672  0.75672271 0.77595177
 0.68181824 0.30061373 0.29996918 0.79457374 0.39817682 0.20565184]
2024-12-12 16:05:00,582 - pyswarms.single.global_best - INFO - Optimize for 10000 iters with {'w': 0.9, 'c1': 0.5, 'c2': 0.3}
2024-12-12 16:05:12,032 - pyswarms.single.global_best - INFO - Optimization finished | best cost: 343162.97258196917, best pos: [0.6510352  0.60469788 0.15730929 0.43509143 0.55626702 0.51963305
 0.97245466 0.8547068  0.25038295 0.74591744 0.46611127 0.61959264
 0.65707153 0.63831577 0.16352803 0.37753547 0.5944392  0.35855714
 0.11783349 0.46399918 0.26027069 0.2318922  0.18359323 0.46630838]
2024-12-12 16:05:41,981 - pyswarms.single.global_best - INFO - Optimize for 10000 iters with {'w': 0.9, 'c1': 0.5, 'c2': 0.3}
2024-12-12 16:05:51,953 - pyswarms.single.global_best - INFO - Optimization finished | best cost: 217324.61317701126, best pos: [0.26567877 0.55272021 0.52298693 0.53121841 0.86519867 0.5835928
 0.60451712 0.61217688 0.56643459 0.61237571 0.71242115 0.64557972
 0.72836947 0.50816002 0.59243893 0.3847495  0.73443023 0.62686116
 0.52331838 0.57522439 0.54148346 0.51081684 0.73504348 0.72855762]
2024-12-12 16:07:08,278 - pyswarms.single.global_best - INFO - Optimize for 10000 iters with {'w': 0.9, 'c1': 0.5, 'c2': 0.3}
2024-12-12 16:07:18,519 - pyswarms.single.global_best - INFO - Optimization finished | best cost: 187134.85487683606, best pos: [0.42958492 0.489053   0.60897793 0.58682797 0.60325957 0.67816324
 0.54520602 0.47370297 0.56193698 0.45492876 0.43668351 0.5775806
 0.47689196 0.66399062 0.51564779 0.53718086 0.64340428 0.67385774
 0.66778835 0.55160116 0.51773379 0.51774228 0.48204486 0.5908756 ]
2024-12-12 16:09:13,206 - pyswarms.single.global_best - INFO - Optimize for 100000 iters with {'w': 0.9, 'c1': 0.5, 'c2': 0.3}
2024-12-12 16:10:58,666 - pyswarms.single.global_best - INFO - Optimization finished | best cost: 200053.35525527265, best pos: [0.49009627 0.33623767 0.67480075 0.54748013 0.54555185 0.55750812
 0.43853752 0.49598436 0.61798448 0.34385687 0.36265287 0.55553658
 0.40125876 0.47195901 0.40950704 0.44125145 0.46708784 0.51301958
 0.62526607 0.65701954 0.57311574 0.62250635 0.40330052 0.83259732]
2024-12-12 16:48:31,553 - pyswarms.single.global_best - INFO - Optimize for 100000 iters with {'w': 0.9, 'c1': 0.5, 'c2': 0.3}
2024-12-12 16:49:35,570 - pyswarms.single.global_best - INFO - Optimize for 10000 iters with {'w': 0.9, 'c1': 0.5, 'c2': 0.3}
2024-12-12 16:49:46,078 - pyswarms.single.global_best - INFO - Optimization finished | best cost: 201348.92995802904, best pos: [0.62031066 0.58666534 0.59430288 0.69451903 0.65012484 0.73110337
 0.34559552 0.44668238 0.55989164 0.73459649 0.57190926 0.65419736
 0.23363027 0.35097668 0.56256866 0.6961593  0.47500288 0.48150321
 0.61331802 0.79676388 0.60638664 0.61491768 0.49748578 0.46944295]
2024-12-12 16:50:00,211 - pyswarms.single.global_best - INFO - Optimize for 10000 iters with {'w': 0.9, 'c1': 0.5, 'c2': 0.3}
2024-12-12 16:50:11,116 - pyswarms.single.global_best - INFO - Optimization finished | best cost: 241140.43794152528, best pos: [0.53829829 0.30107051 0.7010853  0.39613258 0.52832286 0.01712498
 0.6722437  0.71728708 0.62405177 0.59711516 0.21184809 0.56724598
 0.58801958 0.35410191 0.52506118 0.95099087 0.43887778 0.32335484
 0.50480348 0.85709264 0.6116152  0.45995709 0.39421391 0.53967729]
2024-12-13 16:35:30,229 - pyswarms.single.global_best - INFO - Optimize for 10000 iters with {'w': 0.9, 'c1': 0.5, 'c2': 0.3}
2024-12-13 16:37:39,006 - pyswarms.single.global_best - INFO - Optimize for 10000 iters with {'w': 0.9, 'c1': 0.5, 'c2': 0.3}
2024-12-13 16:38:05,657 - pyswarms.single.global_best - INFO - Optimize for 10000 iters with {'w': 0.9, 'c1': 0.5, 'c2': 0.3}
2024-12-13 16:38:16,680 - pyswarms.single.global_best - INFO - Optimization finished | best cost: 184196.60514759057, best pos: [0.80821565 0.33381344 0.54860038 0.54153835 0.43737439 0.61316772
 0.57471491 0.47309494 0.4448837  0.52198819 0.43597778 0.4479282
 0.49338675 0.57669216 0.4901462  0.48285331 0.23263574 0.65795344
 0.57124604 0.50903144 0.34263051 0.58398866 0.69195677 0.36187148]
2024-12-13 16:39:23,092 - pyswarms.single.global_best - INFO - Optimize for 10000 iters with {'w': 0.9, 'c1': 0.5, 'c2': 0.3}
2024-12-13 16:39:36,118 - pyswarms.single.global_best - INFO - Optimize for 10000 iters with {'w': 0.9, 'c1': 0.5, 'c2': 0.3}
2024-12-13 16:39:47,136 - pyswarms.single.global_best - INFO - Optimization finished | best cost: 190899.9478141117, best pos: [0.44497876 0.3466772  0.60713395 0.49171473 0.48478741 0.37900127
 0.56207356 0.50166237 0.44881921 0.49452487 0.61485997 0.24948963
 0.61467877 0.64679866 0.66921115 0.57918543 0.59864929 0.4903208
 0.43135462 0.44802258 0.70414307 0.73177131 0.63502854 0.52025791]
2024-12-13 16:42:58,152 - pyswarms.single.global_best - INFO - Optimize for 10000 iters with {'w': 0.9, 'c1': 0.5, 'c2': 0.3}
2024-12-13 16:43:09,404 - pyswarms.single.global_best - INFO - Optimization finished | best cost: 197956.21770851995, best pos: [0.46753447 0.46531746 0.51092757 0.44131373 0.38731769 0.59419778
 0.42861727 0.3490434  0.56967078 0.36346159 0.48140812 0.62947207
 0.66053635 0.57546813 0.42309658 0.4342543  0.48925853 0.74734658
 0.59168521 0.55328321 0.45323673 0.71727445 0.59373613 0.46735108]
2024-12-13 16:45:40,862 - pyswarms.single.global_best - INFO - Optimize for 10000 iters with {'w': 0.9, 'c1': 0.5, 'c2': 0.3}
2024-12-13 16:45:51,558 - pyswarms.single.global_best - INFO - Optimization finished | best cost: 250047.42519515983, best pos: [0.60788519 0.64379806 0.78121006 0.59377507 0.36778435 0.47207461
 0.39843595 0.39147332 0.72232669 0.42478356 0.68379291 0.4927518
 0.46217212 0.28087859 0.39871518 0.23406097 0.49926584 0.48395195
 0.85354064 0.37656432 0.57984603 0.58985785 0.5351999  0.54473792]
2024-12-13 16:47:30,745 - pyswarms.single.global_best - INFO - Optimize for 10000 iters with {'w': 0.9, 'c1': 0.5, 'c2': 0.3}
2024-12-13 16:47:41,665 - pyswarms.single.global_best - INFO - Optimization finished | best cost: 183537.64608796977, best pos: [0.45068833 0.58794238 0.51488641 0.49591875 0.55235836 0.48445116
 0.41901596 0.54300898 0.46179971 0.49182709 0.32394247 0.44036551
 0.61645131 0.65364555 0.44230477 0.35846517 0.57207269 0.69160114
 0.71440094 0.60490659 0.53423867 0.53836941 0.29309326 0.39568549]
2024-12-13 16:55:09,422 - pyswarms.single.global_best - INFO - Optimize for 10000 iters with {'w': 0.9, 'c1': 0.5, 'c2': 0.3}
2024-12-13 16:55:34,261 - pyswarms.single.global_best - INFO - Optimization finished | best cost: 210981.67505771513, best pos: [0.53411744 0.42337142 0.0541011  0.55209288 0.42899525 0.56689204
 0.4893135  0.32915778 0.44605414 0.51612457 0.19902058 0.26661538
 0.4298158  0.65634933 0.22377084 0.70470473 0.66283189 0.55200578
 0.67646541 0.54073632 0.6430866  0.59057358 0.43401721 0.45603153]
2024-12-13 16:58:04,672 - pyswarms.single.global_best - INFO - Optimize for 1000 iters with {'w': 0.9, 'c1': 0.5, 'c2': 0.3}
2024-12-13 16:58:05,783 - pyswarms.single.global_best - INFO - Optimization finished | best cost: 273018.96861884557, best pos: [0.29617041 0.54832377 0.82291354 0.67598247 0.52418142 0.43163175
 0.50649121 0.29314019 0.61782869 0.55694383 0.59973029 0.28266825
 0.38040593 0.62433899 0.57945609 0.32112028 0.476962   0.35149734
 0.5455012  0.23880415 0.67304705 0.38601559 0.77047444 0.60630637]
2024-12-13 16:58:46,974 - pyswarms.single.global_best - INFO - Optimize for 1000 iters with {'w': 0.9, 'c1': 0.5, 'c2': 0.3}
2024-12-13 16:58:48,070 - pyswarms.single.global_best - INFO - Optimization finished | best cost: 205348.02795315205, best pos: [0.53280827 0.68473857 0.15619625 0.67077839 0.1468917  0.63137029
 0.50047468 0.87318308 0.35528484 0.4562587  0.74750119 0.2704957
 0.41206    0.55946437 0.37503042 0.13081434 0.33709195 0.48906529
 0.36670464 0.70337121 0.35136285 0.28987267 0.66933783 0.93426706]
2024-12-13 16:59:00,830 - pyswarms.single.global_best - INFO - Optimize for 10000 iters with {'w': 0.9, 'c1': 0.5, 'c2': 0.3}
2024-12-13 16:59:11,563 - pyswarms.single.global_best - INFO - Optimization finished | best cost: 185587.6996025947, best pos: [0.59464249 0.68440045 0.44478318 0.61257725 0.27819785 0.26808011
 0.39045088 0.83304844 0.51037729 0.76307177 0.54434894 0.78518054
 0.785686   0.58823708 0.39609727 0.3418652  0.5154137  0.48160498
 0.38504819 0.41614443 0.54645102 0.35253859 0.53899799 0.89268187]
2024-12-13 16:59:26,973 - pyswarms.single.global_best - INFO - Optimize for 10000 iters with {'w': 0.9, 'c1': 0.5, 'c2': 0.3}
2024-12-13 16:59:48,928 - pyswarms.single.global_best - INFO - Optimization finished | best cost: 181403.42331661543, best pos: [0.2345209  0.46029257 0.26275501 0.44682648 0.72284805 0.71142302
 0.55673074 0.55933882 0.45995268 0.52504626 0.65960799 0.37524306
 0.32649295 0.57343635 0.41584295 0.62133377 0.64898418 0.71306495
 0.49638259 0.43324728 0.55771403 0.64150755 0.43906094 0.51223224]
2024-12-13 17:02:01,910 - pyswarms.single.global_best - INFO - Optimize for 10000 iters with {'w': 0.9, 'c1': 0.5, 'c2': 0.3}
2024-12-13 17:02:23,185 - pyswarms.single.global_best - INFO - Optimization finished | best cost: 154746.2205823696, best pos: [0.41363008 0.36113207 0.73077617 0.63621296 0.17883201 0.33427379
 0.38584536 0.53968402 0.3665952  0.16706008 0.45470707 0.38861078
 0.37387854 0.43302687 0.41738933 0.65152354 0.22122509 0.09742087
 0.58627705 0.54521816 0.66398673 0.63161368 0.53304916 0.38492952]
2024-12-13 17:02:32,048 - pyswarms.single.global_best - INFO - Optimize for 10000 iters with {'w': 0.9, 'c1': 0.5, 'c2': 0.3}
2024-12-13 17:02:54,147 - pyswarms.single.global_best - INFO - Optimization finished | best cost: 164735.90054666315, best pos: [0.51076751 0.70186214 0.41105844 0.48587333 0.65562022 0.52607651
 0.26796835 0.38029838 0.26209516 0.5096729  0.47985946 0.29287471
 0.41425902 0.47651845 0.54131405 0.41348383 0.68981641 0.72752764
 0.58172441 0.57179042 0.63621183 0.24836735 0.50445507 0.65297358]
2024-12-13 17:03:00,088 - pyswarms.single.global_best - INFO - Optimize for 10000 iters with {'w': 0.9, 'c1': 0.5, 'c2': 0.3}
2024-12-13 17:03:21,772 - pyswarms.single.global_best - INFO - Optimization finished | best cost: 168410.36049168534, best pos: [0.54737248 0.50020966 0.45221297 0.45095561 0.57453002 0.52601693
 0.44814263 0.52826234 0.4187875  0.58182922 0.53733469 0.44297788
 0.49961663 0.61735713 0.42233525 0.53873307 0.55510152 0.7298061
 0.7482273  0.3714759  0.43760186 0.58906144 0.486518   0.6400351 ]
2024-12-13 17:03:26,858 - pyswarms.single.global_best - INFO - Optimize for 10000 iters with {'w': 0.9, 'c1': 0.5, 'c2': 0.3}
2024-12-13 17:03:48,636 - pyswarms.single.global_best - INFO - Optimization finished | best cost: 166437.89266919004, best pos: [0.52327398 0.50113479 0.45046031 0.67542209 0.54713881 0.57236021
 0.13958616 0.12170585 0.52439588 0.41272382 0.27625487 0.45617764
 0.51446856 0.41594146 0.29393913 0.15634629 0.5953746  0.31661502
 0.54019579 0.514139   0.5488217  0.327688   0.55320033 0.37654816]
2024-12-13 17:03:53,464 - pyswarms.single.global_best - INFO - Optimize for 10000 iters with {'w': 0.9, 'c1': 0.5, 'c2': 0.3}
2024-12-13 17:04:15,060 - pyswarms.single.global_best - INFO - Optimization finished | best cost: 169844.49972560152, best pos: [0.50460058 0.4310628  0.68117979 0.47271687 0.88843963 0.05666279
 0.55057526 0.36680789 0.51906458 0.38203129 0.55646777 0.64549799
 0.60901991 0.56061264 0.6324932  0.53402393 0.37751414 0.63987175
 0.42711108 0.42143552 0.26141881 0.51855816 0.53468341 0.35574367]
2024-12-13 17:04:21,397 - pyswarms.single.global_best - INFO - Optimize for 10000 iters with {'w': 0.9, 'c1': 0.5, 'c2': 0.3}
2024-12-13 17:04:43,419 - pyswarms.single.global_best - INFO - Optimization finished | best cost: 159373.9429680033, best pos: [0.2346449  0.57142971 0.77667697 0.60978993 0.46572017 0.61566017
 0.52052486 0.54980288 0.49488833 0.6178095  0.69319816 0.53416409
 0.37387367 0.33402024 0.44584614 0.37595358 0.59277056 0.66625806
 0.50083481 0.3058866  0.20690619 0.59266617 0.67888448 0.65529139]
2024-12-13 17:06:52,502 - pyswarms.single.global_best - INFO - Optimize for 10000 iters with {'w': 0.9, 'c1': 0.5, 'c2': 0.3}
2024-12-13 17:07:14,254 - pyswarms.single.global_best - INFO - Optimization finished | best cost: 173728.3132809298, best pos: [0.61274052 0.42710365 0.40798345 0.72222769 0.52619882 0.37680309
 0.5501211  0.34936296 0.40123074 0.52620223 0.58277859 0.42660416
 0.49503451 0.51213627 0.466456   0.54590944 0.01910011 0.51346068
 0.41384669 0.4445259  0.56180962 0.56343959 0.40449137 0.27321557]
2024-12-13 17:11:32,108 - pyswarms.single.global_best - INFO - Optimize for 10000 iters with {'w': 0.9, 'c1': 0.5, 'c2': 0.3}
2024-12-13 17:12:16,643 - pyswarms.single.global_best - INFO - Optimization finished | best cost: 171241.3804429102, best pos: [0.69383551 0.42882587 0.31149514 0.54477639 0.09336353 0.62795371
 0.29157948 0.34812908 0.42295713 0.68216037 0.61331226 0.11171316
 0.18209476 0.46504668 0.63155917 0.55613703 0.75790378 0.46811766
 0.50420689 0.55425865 0.50831479 0.57117299 0.43073895 0.35427811]
2024-12-13 17:12:33,535 - pyswarms.single.global_best - INFO - Optimize for 10000 iters with {'w': 0.9, 'c1': 0.5, 'c2': 0.3}
2024-12-13 17:12:57,438 - pyswarms.single.global_best - INFO - Optimize for 10000 iters with {'w': 0.9, 'c1': 0.5, 'c2': 0.3}
2024-12-13 17:13:26,131 - pyswarms.single.global_best - INFO - Optimization finished | best cost: 169525.8127685405, best pos: [0.69226321 0.33379403 0.32266247 0.60931174 0.51227572 0.27987615
 0.44088402 0.4800634  0.59235292 0.58517768 0.66246891 0.50007095
 0.42353445 0.45281098 0.49769975 0.63502665 0.44646668 0.56913001
 0.64105102 0.39571062 0.43038468 0.33032593 0.10209119 0.42765011]
2024-12-13 17:13:32,776 - pyswarms.single.global_best - INFO - Optimize for 10000 iters with {'w': 0.9, 'c1': 0.5, 'c2': 0.3}
2024-12-13 17:13:59,202 - pyswarms.single.global_best - INFO - Optimization finished | best cost: 171868.39513289178, best pos: [0.53834818 0.48291623 0.45025985 0.71422609 0.5187615  0.29333577
 0.56067712 0.49960893 0.48710885 0.26208214 0.55457606 0.58499557
 0.52847716 0.60416964 0.61029701 0.51316904 0.45215147 0.47524005
 0.46046595 0.44329267 0.24510464 0.65679582 0.35476031 0.2955249 ]
2024-12-13 17:15:04,926 - pyswarms.single.global_best - INFO - Optimize for 10000 iters with {'w': 0.9, 'c1': 0.5, 'c2': 0.3}
2024-12-13 17:15:32,086 - pyswarms.single.global_best - INFO - Optimization finished | best cost: 172560.4280140833, best pos: [0.9759654  0.59216811 0.59567148 0.69034027 0.66448705 0.52615024
 0.46941238 0.42855426 0.53585483 0.58599359 0.86265603 0.31376943
 0.53186643 0.33289618 0.34832411 0.594247   0.5653442  0.39007659
 0.43412942 0.51724586 0.08566961 0.68185789 0.44492432 0.26313075]
2024-12-13 17:16:52,167 - pyswarms.single.global_best - INFO - Optimize for 10000 iters with {'w': 0.9, 'c1': 0.5, 'c2': 0.3}
2024-12-13 17:17:18,858 - pyswarms.single.global_best - INFO - Optimization finished | best cost: 167469.46589685598, best pos: [0.57774517 0.62395543 0.4336348  0.45913219 0.5592895  0.31904833
 0.4320664  0.44894574 0.38696897 0.59155568 0.6171142  0.31772622
 0.73836383 0.43474243 0.57614203 0.48096103 0.53420203 0.22416748
 0.44630808 0.64307592 0.54681868 0.49433036 0.56490483 0.41894703]
2024-12-13 17:18:25,586 - pyswarms.single.global_best - INFO - Optimize for 10000 iters with {'w': 0.9, 'c1': 0.5, 'c2': 0.3}
2024-12-13 17:18:51,661 - pyswarms.single.global_best - INFO - Optimization finished | best cost: 159692.1480061147, best pos: [0.32892602 0.59575187 0.41330462 0.45599272 0.51498471 0.49884772
 0.64264563 0.40528171 0.44620328 0.58995521 0.3181354  0.48416267
 0.40244448 0.2585691  0.62262043 0.45864777 0.30603956 0.40641153
 0.65574079 0.39861358 0.34278674 0.61289643 0.61717359 0.57424231]
2024-12-13 17:19:51,518 - pyswarms.single.global_best - INFO - Optimize for 10000 iters with {'w': 0.9, 'c1': 0.5, 'c2': 0.3}
2024-12-13 17:20:18,657 - pyswarms.single.global_best - INFO - Optimization finished | best cost: 173937.47840372674, best pos: [0.36691644 0.602567   0.25981363 0.69182334 0.2774511  0.15628419
 0.47260523 0.5687885  0.61227307 0.46411836 0.80196537 0.57877911
 0.53711082 0.47317711 0.57552045 0.48057557 0.37710639 0.63758686
 0.45191122 0.31321344 0.49319651 0.20139865 0.41086158 0.60832757]
2024-12-14 15:58:09,800 - pyswarms.single.global_best - INFO - Optimize for 1000 iters with {'w': 0.9, 'c1': 0.5, 'c2': 0.3}
2024-12-14 15:58:18,146 - pyswarms.single.global_best - INFO - Optimization finished | best cost: 178498.20811064937, best pos: [0.46453116 0.59259847 0.4637933  0.37123914 0.46024332 0.45264776
 0.62638912 0.51479011 0.4495035  0.47320198 0.91668796 0.6275226
 0.4893676  0.50592483 0.6060692  0.14025281 0.36482967 0.35595114
 0.68095446 0.56977333 0.52754813 0.54221243 0.66741201 0.98271771]
2024-12-14 16:16:43,815 - pyswarms.single.global_best - INFO - Optimize for 1000 iters with {'w': 0.9, 'c1': 0.5, 'c2': 0.3}
2024-12-14 16:16:52,370 - pyswarms.single.global_best - INFO - Optimization finished | best cost: 296256.8994083748, best pos: [0.16854178 0.76448215 0.88263635 0.83628736 0.39334302 0.11850524
 0.51638008 0.18032665 0.72489807 0.7753109  0.52031579 0.22095031
 0.74776477 0.00911181 0.27535047 0.83066685 0.68059187 0.06094501
 0.02147673 0.0493089  0.71639658 0.85606342 0.25247185 0.33192821]
2024-12-14 16:18:13,582 - pyswarms.single.global_best - INFO - Optimize for 1000 iters with {'w': 0.9, 'c1': 0.5, 'c2': 0.3}
2024-12-14 16:18:21,943 - pyswarms.single.global_best - INFO - Optimization finished | best cost: 172122.8343711881, best pos: [0.72412297 0.85891843 0.31103472 0.45027509 0.4750093  0.82981042
 0.525764   0.56298348 0.6432253  0.41439504 0.12293737 0.53207584
 0.49683518 0.29062654 0.1478416  0.32904891 0.68510286 0.68875049
 0.98168455 0.61973717 0.53133508 0.49453321 0.57813211 0.67187355]
2024-12-14 16:18:46,863 - pyswarms.single.global_best - INFO - Optimize for 1000 iters with {'w': 0.9, 'c1': 0.5, 'c2': 0.3}
2024-12-14 16:18:55,329 - pyswarms.single.global_best - INFO - Optimization finished | best cost: 180333.71054458577, best pos: [0.40657997 0.29246309 0.22099609 0.55584857 0.48723388 0.35308248
 0.70142545 0.52631057 0.36600794 0.34254673 0.62785305 0.54923592
 0.10276034 0.46467404 0.11435329 0.64725702 0.73547036 0.91084263
 0.46151312 0.30477213 0.40097805 0.61190042 0.57157128 0.78515389]
2024-12-14 16:19:48,838 - pyswarms.single.global_best - INFO - Optimize for 1000 iters with {'w': 0.9, 'c1': 0.5, 'c2': 0.3}
2024-12-14 16:19:57,199 - pyswarms.single.global_best - INFO - Optimization finished | best cost: 187955.11193284247, best pos: [0.44911056 0.55160774 0.31030488 0.74231162 0.24880389 0.48490038
 0.51450953 0.3832539  0.37421944 0.61130476 0.57286371 0.71418641
 0.43468183 0.50368026 0.26331782 0.38047009 0.41217485 0.69964267
 0.46727769 0.72405642 0.26675206 0.63945727 0.57526339 0.63798531]
2024-12-14 16:19:59,940 - pyswarms.single.global_best - INFO - Optimize for 1000 iters with {'w': 0.9, 'c1': 0.5, 'c2': 0.3}
2024-12-14 16:20:08,291 - pyswarms.single.global_best - INFO - Optimization finished | best cost: 179984.49422992818, best pos: [0.71948679 0.28922503 0.65830925 0.53778698 0.40659066 0.58407734
 0.56508657 0.28991062 0.48647354 0.40602591 0.31272286 0.6493728
 0.47473229 0.5295074  0.37764345 0.26867418 0.43284608 0.6745616
 0.64835624 0.38261911 0.42991939 0.49915771 0.51056134 0.63319116]
2024-12-14 16:22:12,286 - pyswarms.single.global_best - INFO - Optimize for 1000 iters with {'w': 0.9, 'c1': 0.5, 'c2': 0.3}
2024-12-14 16:22:20,636 - pyswarms.single.global_best - INFO - Optimization finished | best cost: 182580.35527787602, best pos: [0.57249402 0.49415955 0.24832301 0.38831429 0.35912555 0.26843772
 0.8994105  0.4802397  0.31846519 0.08985732 0.87912159 0.30422084
 0.49794547 0.52772526 0.45489217 0.55432612 0.6496972  0.24033036
 0.18368105 0.48036882 0.62614405 0.50767143 0.62463245 0.28429875]
2024-12-14 16:22:51,440 - pyswarms.single.global_best - INFO - Optimize for 1000 iters with {'w': 0.9, 'c1': 0.5, 'c2': 0.3}
2024-12-14 16:22:59,809 - pyswarms.single.global_best - INFO - Optimization finished | best cost: 179243.04143809373, best pos: [0.46149983 0.51351745 0.41803577 0.44529104 0.53493984 0.57805512
 0.67442153 0.41934008 0.36068661 0.7292565  0.88502295 0.48128583
 0.33796507 0.33031877 0.62997204 0.40903735 0.56457041 0.11084475
 0.58607786 0.24784696 0.34826407 0.71613527 0.40127901 0.36501837]
2024-12-14 16:30:02,634 - pyswarms.single.global_best - INFO - Optimize for 1000 iters with {'w': 0.9, 'c1': 0.5, 'c2': 0.3}
2024-12-14 16:30:11,053 - pyswarms.single.global_best - INFO - Optimization finished | best cost: 185617.84165969584, best pos: [0.16389174 0.38489483 0.43907391 0.55976249 0.43272475 0.97626664
 0.82053445 0.72290681 0.15642857 0.54272887 0.61884323 0.38048961
 0.44760965 0.77830239 0.52921401 0.30585942 0.61904393 0.62780887
 0.85996    0.90727808 0.56860852 0.05779423 0.01470769 0.02389409]
2024-12-14 16:30:15,246 - pyswarms.single.global_best - INFO - Optimize for 1000 iters with {'w': 0.9, 'c1': 0.5, 'c2': 0.3}
2024-12-14 16:30:23,578 - pyswarms.single.global_best - INFO - Optimization finished | best cost: 177877.89129123813, best pos: [0.63430982 0.2693685  0.5526476  0.5566443  0.57319839 0.45018684
 0.57920966 0.44423375 0.49073543 0.41720693 0.60552406 0.61933826
 0.3895018  0.64456487 0.52325421 0.4027411  0.48523278 0.58082884
 0.25809304 0.41538603 0.42150802 0.18598267 0.43083714 0.61126056]
2024-12-15 16:02:31,501 - pyswarms.single.global_best - INFO - Optimize for 1000 iters with {'w': 0.9, 'c1': 0.5, 'c2': 0.3}
2024-12-15 16:02:39,721 - pyswarms.single.global_best - INFO - Optimization finished | best cost: 170988.87528121722, best pos: [0.46831799 0.47739078 0.38486534 0.7759055  0.36483467 0.87104871
 0.29059416 0.32242714 0.28967147 0.25691415 0.77287709 0.29697861
 0.04463439 0.32270361 0.35843523 0.57727662 0.43073897 0.63269276
 0.64964942 0.60772034 0.32218799 0.4709598  0.62200796 0.75457017]
2024-12-15 16:02:43,889 - pyswarms.single.global_best - INFO - Optimize for 1000 iters with {'w': 0.9, 'c1': 0.5, 'c2': 0.3}
2024-12-15 16:02:52,290 - pyswarms.single.global_best - INFO - Optimization finished | best cost: 185534.06286135566, best pos: [0.30306318 0.33237013 0.54000502 0.56542683 0.06468772 0.61230872
 0.79657193 0.07154933 0.59832273 0.55642502 0.61257991 0.59408473
 0.49251537 0.48366715 0.24039845 0.1781477  0.52966235 0.56913466
 0.53838583 0.49925122 0.7982476  0.90039182 0.50440853 0.35409569]
2024-12-15 16:27:29,382 - pyswarms.single.global_best - INFO - Optimize for 1000 iters with {'w': 0.9, 'c1': 0.5, 'c2': 0.3}
2024-12-15 16:27:37,773 - pyswarms.single.global_best - INFO - Optimization finished | best cost: 182707.59372498596, best pos: [0.33461036 0.22713352 0.65209236 0.28145714 0.2423968  0.55580103
 0.4852929  0.53233779 0.17640868 0.01158851 0.70567727 0.51450482
 0.64965547 0.78471804 0.67921267 0.50860352 0.80116065 0.25528439
 0.19864121 0.65609012 0.85393291 0.7629609  0.51236961 0.23309811]
2024-12-15 16:27:40,489 - pyswarms.single.global_best - INFO - Optimize for 1000 iters with {'w': 0.9, 'c1': 0.5, 'c2': 0.3}
2024-12-15 16:27:48,990 - pyswarms.single.global_best - INFO - Optimization finished | best cost: 181717.35303383358, best pos: [0.75108052 0.26696617 0.26508032 0.46171603 0.60646788 0.65350965
 0.61063136 0.73141515 0.49868172 0.75113561 0.21901295 0.53594775
 0.23810171 0.87884715 0.4892681  0.56198789 0.61996289 0.42841879
 0.35872751 0.7426945  0.58758194 0.48810879 0.54843045 0.27302296]
2024-12-15 16:27:55,130 - pyswarms.single.global_best - INFO - Optimize for 1000 iters with {'w': 0.9, 'c1': 0.5, 'c2': 0.3}
2024-12-15 16:28:03,955 - pyswarms.single.global_best - INFO - Optimization finished | best cost: 183849.18867838054, best pos: [0.48585201 0.71060903 0.05006329 0.3803081  0.50803084 0.43296789
 0.38879364 0.45817158 0.49472086 0.48741842 0.49700015 0.35115291
 0.38169006 0.74942059 0.75099313 0.75200717 0.68495728 0.61265125
 0.5390896  0.61585359 0.55246153 0.67287211 0.4962992  0.60002251]
2024-12-15 16:42:01,450 - pyswarms.single.global_best - INFO - Optimize for 1000 iters with {'w': 0.9, 'c1': 0.5, 'c2': 0.3}
2024-12-15 16:42:09,780 - pyswarms.single.global_best - INFO - Optimization finished | best cost: 173125.5499883291, best pos: [0.26018459 0.24473437 0.45885629 0.41951719 0.26489926 0.99734103
 0.42944519 0.33731217 0.50805444 0.13527477 0.66540308 0.81683684
 0.74169669 0.7842682  0.37615245 0.21337997 0.32622354 0.96471881
 0.48327008 0.41565985 0.54298504 0.29121662 0.69079443 0.74339169]
2024-12-15 16:46:06,020 - pyswarms.single.global_best - INFO - Optimize for 1000 iters with {'w': 0.9, 'c1': 0.5, 'c2': 0.3}
2024-12-15 16:47:37,008 - pyswarms.single.global_best - INFO - Optimize for 1000 iters with {'w': 0.9, 'c1': 0.5, 'c2': 0.3}
2024-12-15 16:48:03,952 - pyswarms.single.global_best - INFO - Optimize for 1000 iters with {'w': 0.9, 'c1': 0.5, 'c2': 0.3}
2024-12-15 16:48:12,465 - pyswarms.single.global_best - INFO - Optimization finished | best cost: 219574.3464666332, best pos: [0.80290574 0.475135   0.5123471  0.59269861 0.73805796 0.76645651
 0.95125663 0.41325309 0.45530906 0.36271873 0.91881117 0.53790488
 0.46712745 0.54007963 0.32720493 0.33112599 0.08412586 0.21669492
 0.40808741 0.43995695 0.73757195 0.38131971 0.61413102 0.47627735]
2024-12-15 16:48:51,712 - pyswarms.single.global_best - INFO - Optimize for 1000 iters with {'w': 0.9, 'c1': 0.5, 'c2': 0.3}
2024-12-15 16:49:00,199 - pyswarms.single.global_best - INFO - Optimization finished | best cost: 217452.02554506055, best pos: [0.22777361 0.61394272 0.42208553 0.39299565 0.67067481 0.5168966
 0.51416866 0.33692946 0.33185591 0.67336705 0.41092424 0.41674217
 0.64086042 0.47885795 0.46143758 0.49296225 0.68238131 0.26508098
 0.59405116 0.54886321 0.31935708 0.46862574 0.37018008 0.46265583]
2024-12-15 16:50:16,105 - pyswarms.single.global_best - INFO - Optimize for 1000 iters with {'w': 0.9, 'c1': 0.5, 'c2': 0.3}
2024-12-15 16:50:24,384 - pyswarms.single.global_best - INFO - Optimization finished | best cost: 172955.83027957962, best pos: [0.30277543 0.05804169 0.41400573 0.53668621 0.46727782 0.59106625
 0.22140015 0.68918993 0.42920061 0.54915325 0.67909207 0.4613368
 0.47461245 0.86164836 0.91523554 0.15856458 0.23513529 0.55018193
 0.90277234 0.56560482 0.35745291 0.52915602 0.50837235 0.58397531]
2024-12-15 16:51:00,876 - pyswarms.single.global_best - INFO - Optimize for 1000 iters with {'w': 0.9, 'c1': 0.5, 'c2': 0.3}
2024-12-15 16:51:09,254 - pyswarms.single.global_best - INFO - Optimization finished | best cost: 172129.63420489966, best pos: [0.13858303 0.82732094 0.4396617  0.27109366 0.27879306 0.54415433
 0.61131872 0.37919178 0.28515437 0.63471811 0.57308397 0.36960577
 0.44918883 0.23639952 0.42757742 0.20957595 0.68807808 0.09393967
 0.55050514 0.18689173 0.68028347 0.5696891  0.54663367 0.21463645]
2024-12-15 16:51:18,405 - pyswarms.single.global_best - INFO - Optimize for 1000 iters with {'w': 0.9, 'c1': 0.5, 'c2': 0.3}
2024-12-15 16:51:26,626 - pyswarms.single.global_best - INFO - Optimization finished | best cost: 181252.4763092976, best pos: [0.21565991 0.47269433 0.31110308 0.60612836 0.37487923 0.24305026
 0.21124532 0.96133332 0.51313791 0.61216843 0.29227676 0.48448105
 0.64661724 0.25388471 0.71066232 0.74924748 0.65554967 0.40504772
 0.71538849 0.40729489 0.48245312 0.6007734  0.2732638  0.34939728]
2024-12-15 16:51:49,622 - pyswarms.single.global_best - INFO - Optimize for 1000 iters with {'w': 0.9, 'c1': 0.5, 'c2': 0.3}
2024-12-15 16:51:57,964 - pyswarms.single.global_best - INFO - Optimization finished | best cost: 171923.59647734842, best pos: [0.3782164  0.43750942 0.37838443 0.46389132 0.34108426 0.34789199
 0.39773927 0.50114308 0.51730569 0.45435579 0.67543841 0.52472423
 0.31571642 0.72036991 0.60471738 0.43475821 0.42167826 0.40247521
 0.49794301 0.69002537 0.44313915 0.50390093 0.40767298 0.47021653]
2024-12-19 13:00:22,480 - pyswarms.single.global_best - INFO - Optimize for 1000 iters with {'w': 0.9, 'c1': 0.5, 'c2': 0.3}
2024-12-19 13:00:30,080 - pyswarms.single.global_best - INFO - Optimization finished | best cost: 172559.03935223946, best pos: [0.36666962 0.45517762 0.09681102 0.37578095 0.619453   0.61091696
 0.57342808 0.6323429  0.42928882 0.61724288 0.69830898 0.45234717
 0.26000172 0.59938471 0.60513333 0.57314314 0.54914533 0.32922798
 0.24709433 0.58660646 0.47125328 0.41260667 0.50910319 0.543925  ]
2024-12-19 13:00:46,268 - pyswarms.single.global_best - INFO - Optimize for 1000 iters with {'w': 0.9, 'c1': 0.5, 'c2': 0.3}
2024-12-19 13:00:53,711 - pyswarms.single.global_best - INFO - Optimization finished | best cost: 179452.42226163414, best pos: [0.52572189 0.55547712 0.6390898  0.49298915 0.43782731 0.61812299
 0.49398437 0.64828225 0.50829776 0.48794925 0.49563485 0.40141251
 0.49502812 0.59987149 0.77034057 0.60628575 0.61823642 0.58266868
 0.69494904 0.4495566  0.63426343 0.50905559 0.49267884 0.54491348]
2024-12-19 13:00:57,167 - pyswarms.single.global_best - INFO - Optimize for 1000 iters with {'w': 0.9, 'c1': 0.5, 'c2': 0.3}
2024-12-19 13:01:04,663 - pyswarms.single.global_best - INFO - Optimization finished | best cost: 176000.7955448426, best pos: [0.53049599 0.19421258 0.80582835 0.82166729 0.13608812 0.44537326
 0.26348089 0.23794095 0.81497157 0.36286787 0.65693474 0.92434458
 0.54790144 0.28841016 0.35966319 0.39633468 0.2628447  0.52576368
 0.54954639 0.27435436 0.47033494 0.43898499 0.24202375 0.15300885]
2024-12-19 13:01:08,065 - pyswarms.single.global_best - INFO - Optimize for 1000 iters with {'w': 0.9, 'c1': 0.5, 'c2': 0.3}
2024-12-19 13:01:15,658 - pyswarms.single.global_best - INFO - Optimization finished | best cost: 182175.09508254705, best pos: [0.38084395 0.4255004  0.54454175 0.51976975 0.47822186 0.38535969
 0.60845158 0.33342047 0.45168781 0.46280867 0.51578087 0.4630742
 0.50747548 0.56094235 0.63174236 0.52450728 0.39953475 0.72668956
 0.57670235 0.90552893 0.7556931  0.42259553 0.68748316 0.20899408]
2024-12-19 13:01:19,450 - pyswarms.single.global_best - INFO - Optimize for 1000 iters with {'w': 0.9, 'c1': 0.5, 'c2': 0.3}
2024-12-19 13:01:26,919 - pyswarms.single.global_best - INFO - Optimization finished | best cost: 182018.09428620565, best pos: [0.58418938 0.4795139  0.46453054 0.64206967 0.2948175  0.51866654
 0.43474924 0.02298783 0.84690424 0.67315822 0.63806398 0.47287726
 0.28407583 0.21320303 0.39426408 0.68497744 0.71061294 0.737498
 0.46064222 0.54538615 0.60218174 0.56181534 0.50506483 0.15495588]
2024-12-19 13:01:55,616 - pyswarms.single.global_best - INFO - Optimize for 1000 iters with {'w': 0.9, 'c1': 0.5, 'c2': 0.3}
2024-12-19 13:02:03,082 - pyswarms.single.global_best - INFO - Optimization finished | best cost: 167436.5258980679, best pos: [0.21389516 0.38085303 0.34650112 0.66101995 0.65370686 0.62539461
 0.40010569 0.6189957  0.4902736  0.56340197 0.28887678 0.54610975
 0.4503191  0.43167503 0.23673799 0.64201022 0.63566477 0.41111696
 0.55544539 0.29345121 0.46564077 0.64036605 0.44862586 0.12497613]
2024-12-19 13:02:06,138 - pyswarms.single.global_best - INFO - Optimize for 1000 iters with {'w': 0.9, 'c1': 0.5, 'c2': 0.3}
2024-12-19 13:02:13,753 - pyswarms.single.global_best - INFO - Optimization finished | best cost: 174554.29628966423, best pos: [0.72339936 0.78917265 0.53541507 0.78329012 0.76582115 0.36077864
 0.64722897 0.73514207 0.67291673 0.49018624 0.8316157  0.72323069
 0.47950458 0.56942079 0.39099542 0.54307778 0.39507777 0.24082971
 0.42191434 0.40666075 0.30191514 0.43870846 0.49748477 0.34897336]
2024-12-19 13:02:16,176 - pyswarms.single.global_best - INFO - Optimize for 1000 iters with {'w': 0.9, 'c1': 0.5, 'c2': 0.3}
2024-12-19 13:02:23,739 - pyswarms.single.global_best - INFO - Optimization finished | best cost: 176943.78776326508, best pos: [0.36159394 0.09387036 0.93890277 0.09105294 0.73012174 0.08194737
 0.59391123 0.73177587 0.11166785 0.26848154 0.84745386 0.98534101
 0.07149206 0.97255605 0.51915866 0.65027158 0.75628829 0.55694448
 0.62056551 0.12213402 0.01301472 0.51768821 0.93039795 0.87307259]
2024-12-19 13:02:26,021 - pyswarms.single.global_best - INFO - Optimize for 1000 iters with {'w': 0.9, 'c1': 0.5, 'c2': 0.3}
2024-12-19 13:02:33,501 - pyswarms.single.global_best - INFO - Optimization finished | best cost: 175771.9685376113, best pos: [0.53484394 0.3665951  0.24058047 0.51537251 0.68486013 0.21850609
 0.83298267 0.47915407 0.31342274 0.4271018  0.36907482 0.75241498
 0.68573019 0.32725021 0.31633487 0.57263791 0.624664   0.47952639
 0.29696706 0.04763883 0.4127941  0.36856839 0.50496122 0.59422093]
2024-12-19 13:02:35,892 - pyswarms.single.global_best - INFO - Optimize for 1000 iters with {'w': 0.9, 'c1': 0.5, 'c2': 0.3}
2024-12-19 13:02:43,309 - pyswarms.single.global_best - INFO - Optimization finished | best cost: 164219.71581560827, best pos: [0.5295253  0.27133627 0.48971055 0.61759447 0.2671994  0.5594526
 0.14892795 0.62089902 0.39889984 0.43913713 0.45237336 0.42035192
 0.75005806 0.22653111 0.79629048 0.68579854 0.85605192 0.94205521
 0.63633454 0.42242006 0.54357154 0.37365523 0.49601123 0.43810312]
2024-12-19 13:16:07,911 - pyswarms.single.global_best - INFO - Optimize for 1000 iters with {'w': 0.9, 'c1': 0.5, 'c2': 0.3}
2024-12-19 13:16:15,438 - pyswarms.single.global_best - INFO - Optimization finished | best cost: 168894.18217750563, best pos: [0.62730441 0.44798349 0.29518722 0.37095415 0.68398008 0.63008597
 0.40767734 0.19479016 0.56023735 0.19731211 0.47825165 0.19607459
 0.49108485 0.5894005  0.38766871 0.73928891 0.39830169 0.6859212
 0.29543943 0.50008418 0.3094672  0.24905505 0.53754022 0.61810347]
2024-12-19 13:16:18,748 - pyswarms.single.global_best - INFO - Optimize for 1000 iters with {'w': 0.9, 'c1': 0.5, 'c2': 0.3}
2024-12-19 13:16:26,247 - pyswarms.single.global_best - INFO - Optimization finished | best cost: 158924.30339996523, best pos: [0.48367312 0.33936877 0.71313166 0.23888511 0.56220426 0.91836906
 0.22835313 0.61046111 0.06325591 0.26548303 0.63196564 0.69746814
 0.53911016 0.8875254  0.37998087 0.60691347 0.71989086 0.51137072
 0.5416176  0.84692735 0.17795733 0.71243143 0.86208941 0.17312188]
2024-12-19 13:20:09,855 - pyswarms.single.global_best - INFO - Optimize for 1000 iters with {'w': 0.9, 'c1': 0.5, 'c2': 0.3}
2024-12-19 13:20:17,282 - pyswarms.single.global_best - INFO - Optimization finished | best cost: 167386.02421334325, best pos: [0.71563846 0.28894988 0.49086365 0.44368395 0.87580367 0.28559357
 0.45499093 0.41694288 0.30539335 0.17162428 0.9074055  0.21834194
 0.68735917 0.45338727 0.15901741 0.1863989  0.97871325 0.62061668
 0.47784547 0.40921785 0.67051951 0.98381897 0.13053076 0.83307353]
2024-12-19 14:32:32,763 - pyswarms.single.global_best - INFO - Optimize for 1000 iters with {'w': 0.9, 'c1': 0.5, 'c2': 0.3}
2024-12-19 14:33:35,725 - pyswarms.single.global_best - INFO - Optimize for 1000 iters with {'w': 0.9, 'c1': 0.5, 'c2': 0.3}
2024-12-19 14:33:40,112 - pyswarms.single.global_best - INFO - Optimization finished | best cost: 166475.76925635338, best pos: [0.34918151 0.26112916 0.31614134 0.5621371  0.51149459 0.50167239
 0.90725704 0.27932736 0.37601717 0.87573999 0.63074837 0.32739237
 0.41894101 0.44793217 0.59725129 0.79573485 0.60138924 0.52565833
 0.50558898 0.57531574 0.74241172 0.80956928 0.15872845 0.16912236]
2024-12-20 15:09:54,462 - pyswarms.single.global_best - INFO - Optimize for 1000 iters with {'w': 0.9, 'c1': 0.5, 'c2': 0.3}
2024-12-20 15:09:58,884 - pyswarms.single.global_best - INFO - Optimization finished | best cost: 162668.94654234755, best pos: [0.10772273 0.23237166 0.42971054 0.35224235 0.45721097 0.6803296
 0.35182082 0.63165192 0.35434263 0.75495143 0.54073208 0.49030557
 0.78137354 0.53831724 0.36870478 0.60561564 0.43689363 0.66201317
 0.30192704 0.81335099 0.44365225 0.30864474 0.52808207 0.43068104]
2024-12-20 15:10:04,425 - pyswarms.single.global_best - INFO - Optimize for 1000 iters with {'w': 0.9, 'c1': 0.5, 'c2': 0.3}
2024-12-20 15:10:08,896 - pyswarms.single.global_best - INFO - Optimization finished | best cost: 167520.74127435285, best pos: [0.28038677 0.42867394 0.48622927 0.75936433 0.58876803 0.68295596
 0.49106022 0.51513502 0.42406803 0.65286941 0.42561174 0.36606439
 0.34502102 0.37234453 0.69416249 0.62690856 0.78674682 0.30963694
 0.52090032 0.90050622 0.513094   0.6458902  0.37524476 0.24282692]
2024-12-20 15:10:11,269 - pyswarms.single.global_best - INFO - Optimize for 1000 iters with {'w': 0.9, 'c1': 0.5, 'c2': 0.3}
2024-12-20 15:10:15,601 - pyswarms.single.global_best - INFO - Optimization finished | best cost: 162709.1345257264, best pos: [0.47331401 0.44690685 0.24791143 0.65534691 0.24890032 0.72269641
 0.41650963 0.22161924 0.49617903 0.50138715 0.19525257 0.45172795
 0.459187   0.24186613 0.53385193 0.39625222 0.11208985 0.54456894
 0.7396552  0.09614944 0.29597963 0.84335035 0.03983405 0.54531432]
2024-12-20 15:10:19,951 - pyswarms.single.global_best - INFO - Optimize for 1000 iters with {'w': 0.9, 'c1': 0.5, 'c2': 0.3}
2024-12-20 15:10:24,341 - pyswarms.single.global_best - INFO - Optimization finished | best cost: 158346.43537710022, best pos: [0.64127692 0.35446431 0.47151349 0.76615139 0.70484989 0.3090413
 0.32373483 0.47994481 0.77865176 0.48355627 0.27224478 0.58069898
 0.53248957 0.77879774 0.00711532 0.32288893 0.70393934 0.50912178
 0.23722242 0.57332301 0.52275172 0.71527454 0.46183919 0.65921845]
2024-12-20 15:10:27,366 - pyswarms.single.global_best - INFO - Optimize for 1000 iters with {'w': 0.9, 'c1': 0.5, 'c2': 0.3}
2024-12-20 15:10:31,777 - pyswarms.single.global_best - INFO - Optimization finished | best cost: 158221.1168895608, best pos: [0.50850885 0.21662716 0.38443174 0.32364835 0.43928637 0.50705386
 0.52327706 0.02926628 0.87244273 0.32936559 0.39234148 0.80706982
 0.56582223 0.59416629 0.57965649 0.539001   0.56249365 0.51516215
 0.51019855 0.59563106 0.60114597 0.68297096 0.46224289 0.81799514]
2024-12-20 15:10:35,553 - pyswarms.single.global_best - INFO - Optimize for 1000 iters with {'w': 0.9, 'c1': 0.5, 'c2': 0.3}
2024-12-20 15:10:39,938 - pyswarms.single.global_best - INFO - Optimization finished | best cost: 159094.3955796445, best pos: [0.0521653  0.74099697 0.40061012 0.54343609 0.53227362 0.37957303
 0.65214174 0.59996551 0.30873912 0.64926024 0.48998498 0.79971646
 0.50683258 0.63383463 0.72553226 0.31584166 0.65025719 0.41991151
 0.67801988 0.4428658  0.28940272 0.43414562 0.77807837 0.6796386 ]
2024-12-20 15:12:44,503 - pyswarms.single.global_best - INFO - Optimize for 1000 iters with {'w': 0.9, 'c1': 0.5, 'c2': 0.3}
2024-12-20 15:12:48,804 - pyswarms.single.global_best - INFO - Optimization finished | best cost: 162418.63203415714, best pos: [0.24351931 0.47683536 0.13276678 0.67765756 0.59175621 0.48872545
 0.65812184 0.31374525 0.62558438 0.72142622 0.73504206 0.47037125
 0.32937088 0.66274082 0.63577708 0.13781473 0.18550925 0.44112226
 0.52943329 0.35906347 0.58981397 0.56245268 0.64465727 0.55012672]
2024-12-20 15:13:19,023 - pyswarms.single.global_best - INFO - Optimize for 1000 iters with {'w': 0.9, 'c1': 0.5, 'c2': 0.3}
2024-12-20 15:13:23,389 - pyswarms.single.global_best - INFO - Optimization finished | best cost: 169548.49940370326, best pos: [0.4688366  0.31726852 0.52910682 0.93854177 0.62048942 0.66343595
 0.49003168 0.57048429 0.97339057 0.47943954 0.81897923 0.50843082
 0.47281189 0.53405158 0.29314856 0.49835483 0.96836014 0.47281777
 0.45368668 0.56205137 0.37148183 0.80150149 0.56853059 0.44429758]
